Build started 2/8/2015 2:51:23 PM.
     1>Project "C:\Users\Joseph\Documents\GitHub\CS273HW\HW01\inheritence\inheritence\inheritence.vcxproj" on node 2 (Build target(s)).
     1>ClCompile:
         C:\Program Files (x86)\Microsoft Visual Studio 12.0\VC\bin\CL.exe /c /ZI /nologo /W3 /WX- /Od /Oy- /D WIN32 /D _DEBUG /D _CONSOLE /D _LIB /D _UNICODE /D UNICODE /Gm /EHsc /RTC1 /MDd /GS /fp:precise /Zc:wchar_t /Zc:forScope /Fo"Debug\\" /Fd"Debug\vc120.pdb" /Gd /TP /analyze- /errorReport:prompt Main.cpp
         Main.cpp
       Link:
         C:\Program Files (x86)\Microsoft Visual Studio 12.0\VC\bin\link.exe /ERRORREPORT:PROMPT /OUT:"C:\Users\Joseph\Documents\GitHub\CS273HW\HW01\inheritence\Debug\inheritence.exe" /INCREMENTAL /NOLOGO kernel32.lib user32.lib gdi32.lib winspool.lib comdlg32.lib advapi32.lib shell32.lib ole32.lib oleaut32.lib uuid.lib odbc32.lib odbccp32.lib /MANIFEST /MANIFESTUAC:"level='asInvoker' uiAccess='false'" /manifest:embed /DEBUG /PDB:"C:\Users\Joseph\Documents\GitHub\CS273HW\HW01\inheritence\Debug\inheritence.pdb" /SUBSYSTEM:CONSOLE /TLBID:1 /DYNAMICBASE /NXCOMPAT /IMPLIB:"C:\Users\Joseph\Documents\GitHub\CS273HW\HW01\inheritence\Debug\inheritence.lib" /MACHINE:X86 Debug\Main.obj
     1>Main.obj : error LNK2001: unresolved external symbol "public: virtual void __thiscall Animal::makeNoise(void)const " (?makeNoise@Animal@@UBEXXZ)
     1>C:\Users\Joseph\Documents\GitHub\CS273HW\HW01\inheritence\Debug\inheritence.exe : fatal error LNK1120: 1 unresolved externals
     1>Done Building Project "C:\Users\Joseph\Documents\GitHub\CS273HW\HW01\inheritence\inheritence\inheritence.vcxproj" (Build target(s)) -- FAILED.

Build FAILED.

Time Elapsed 00:00:01.31
